Build started 6/26/2015 6:16:24 PM.
     1>Project "E:\System Programming\x86\Programming Course\C89\2-Strings\Test Fit\Test Fit\Test Fit.vcxproj" on node 2 (Build target(s)).
     1>ClCompile:
         C:\Program Files (x86)\Microsoft Visual Studio 12.0\VC\bin\CL.exe /c /ZI /nologo /W3 /WX- /sdl /Od /Oy- /D WIN32 /D _DEBUG /D _CONSOLE /D _LIB /D _UNICODE /D UNICODE /Gm /EHsc /RTC1 /MDd /GS /fp:precise /Zc:wchar_t /Zc:forScope /Fo"Debug\\" /Fd"Debug\vc120.pdb" /Gd /TC /analyze- /errorReport:prompt testfit.c
         testfit.c
     1>e:\system programming\x86\programming course\c89\2-strings\test fit\test fit\testfit.c(18): error C2065: 'pu' : undeclared identifier
     1>e:\system programming\x86\programming course\c89\2-strings\test fit\test fit\testfit.c(18): error C2146: syntax error : missing ';' before identifier 'ts'
     1>e:\system programming\x86\programming course\c89\2-strings\test fit\test fit\testfit.c(18): warning C4013: 'ts' undefined; assuming extern returning int
     1>e:\system programming\x86\programming course\c89\2-strings\test fit\test fit\testfit.c(20): warning C4013: 'system' undefined; assuming extern returning int
     1>Done Building Project "E:\System Programming\x86\Programming Course\C89\2-Strings\Test Fit\Test Fit\Test Fit.vcxproj" (Build target(s)) -- FAILED.

Build FAILED.

Time Elapsed 00:00:00.18
